[debug] > Exec(early(addDefaultCommands), None, None)
[debug] > Exec(addDefaultCommands, None, None)
[debug] > Exec(early(initialize), None, None)
[debug] > Exec(initialize, None, None)
[debug] > Exec(early(addPluginSbtFile="""C:\Users\stepa\AppData\Local\Temp\idea1.sbt"""), None, None)
[debug] > Exec(addPluginSbtFile="""C:\Users\stepa\AppData\Local\Temp\idea1.sbt""", None, None)
[debug] > Exec(boot, None, None)
[debug] > Exec(writeSbtVersion, None, None)
[debug] > Exec(reload, None, None)
[debug] > Exec(sbtStashOnFailure, None, None)
[debug] > Exec(onFailure loadFailed, None, None)
[debug] > Exec(loadp, None, None)
[info] welcome to sbt 1.7.1 (Oracle Corporation Java 19.0.1)
[debug]       Load.loadUnit: plugins took 65.862ms
[debug]       Load.loadUnit: defsScala took 0.3594ms
[debug] [Loading] Scanning directory C:\Users\stepa\.sbt\1.0\plugins
[debug] [Loading] Found non-root projects 
[debug] [Loading] Done in C:\Users\stepa\.sbt\1.0\plugins, returning: ()
[debug] deducing auto plugins based on known facts Set(Atom(sbt.plugins.CorePlugin)) and clauses Clauses(Clause(Atom(sbt.plugins.JvmPlugin),Set(Atom(sbt.plugins.IvyPlugin)))
[debug] Clause(Atom(sbt.ScriptedPlugin),Set(Atom(sbt.plugins.JvmPlugin)))
[debug] Clause(Atom(sbt.plugins.SbtPlugin),Set(Atom(sbt.ScriptedPlugin)))
[debug] Clause(Atom(sbt.plugins.SemanticdbPlugin),Set(Atom(sbt.plugins.JvmPlugin)))
[debug] Clause(Atom(sbt.plugins.JUnitXmlReportPlugin),Set(Atom(sbt.plugins.JvmPlugin)))
[debug] Clause(Atom(sbt.plugins.MiniDependencyTreePlugin),Set(Atom(sbt.plugins.JvmPlugin)))
[debug] Clause(Atom(sbt.plugins.CorePlugin),Set(Atom(sbt.plugins.IvyPlugin)))
[debug] Clause(Atom(sbt.plugins.IvyPlugin),Set(Atom(sbt.plugins.JvmPlugin)))
[debug] Clause(Atom(sbt.plugins.JvmPlugin),Set(Atom(sbt.plugins.SemanticdbPlugin)))
[debug] Clause(Atom(sbt.plugins.JvmPlugin),Set(Atom(sbt.plugins.JUnitXmlReportPlugin)))
[debug] Clause(Atom(sbt.plugins.CorePlugin),Set(Atom(sbt.plugins.Giter8TemplatePlugin)))
[debug] Clause(Atom(sbt.plugins.JvmPlugin),Set(Atom(sbt.plugins.MiniDependencyTreePlugin))))
[debug]   :: deduced result: Matched(sbt.plugins.CorePlugin,sbt.plugins.Giter8TemplatePlugin,sbt.plugins.IvyPlugin,sbt.plugins.JvmPlugin,sbt.plugins.MiniDependencyTreePlugin,sbt.plugins.JUnitXmlReportPlugin,sbt.plugins.SemanticdbPlugin)
[debug] Plugins.deducer#function took 12.3191 ms
[debug]           Load.resolveProject(global-plugins) took 31.0289ms
[debug]         Load.loadTransitive: finalizeProject(Project(id global-plugins, base: C:\Users\stepa\.sbt\1.0\plugins, plugins: List(<none>))) took 60.0574ms
[debug] [Loading] Done in C:\Users\stepa\.sbt\1.0\plugins, returning: (global-plugins)
[debug]       Load.loadUnit: loadedProjectsRaw took 78.6048ms
[debug]       Load.loadUnit: cleanEvalClasses took 0.1918ms
[debug]     Load.loadUnit(file:/C:/Users/stepa/.sbt/1.0/plugins/, ...) took 153.8756ms
[debug]   Load.apply: load took 318.2665ms
[debug]   Load.apply: resolveProjects took 6.0978ms
[debug]   Load.apply: finalTransforms took 46.4376ms
[debug]   Load.apply: config.delegates took 4.7039ms
[debug]   Load.apply: Def.make(settings)... took 294.8157ms
[debug]   Load.apply: structureIndex took 58.7393ms
[debug]   Load.apply: mkStreams took 0.8524ms
[info] loading global plugins from C:\Users\stepa\.sbt\1.0\plugins
[debug] Running task... Cancel: Signal, check cycles: false, forcegc: true
[debug] Load.defaultLoad until apply took 2913.3205ms
[debug]           Load.loadUnit: plugins took 15.8359ms
[debug]           Load.loadUnit: defsScala took 0.0028ms
[debug] [Loading] Scanning directory C:\Users\stepa\IdeaProjects\zio-quickstart-restful-webservice\project
[debug]             Load.loadUnit: mkEval took 4.5391ms
[debug] [Loading] Found non-root projects 
[debug] [Loading] Done in C:\Users\stepa\IdeaProjects\zio-quickstart-restful-webservice\project, returning: ()
[debug] deducing auto plugins based on known facts Set(Atom(sbt.plugins.CorePlugin)) and clauses Clauses(Clause(Atom(sbt.plugins.JvmPlugin),Set(Atom(sbt.plugins.IvyPlugin)))
[debug] Clause(Atom(sbt.ScriptedPlugin),Set(Atom(sbt.plugins.JvmPlugin)))
[debug] Clause(Atom(sbt.plugins.SbtPlugin),Set(Atom(sbt.ScriptedPlugin)))
[debug] Clause(Atom(sbt.plugins.SemanticdbPlugin),Set(Atom(sbt.plugins.JvmPlugin)))
[debug] Clause(Atom(sbt.plugins.JUnitXmlReportPlugin),Set(Atom(sbt.plugins.JvmPlugin)))
[debug] Clause(Atom(sbt.plugins.MiniDependencyTreePlugin),Set(Atom(sbt.plugins.JvmPlugin)))
[debug] Clause(Atom(sbt.plugins.CorePlugin),Set(Atom(sbt.plugins.IvyPlugin)))
[debug] Clause(Atom(sbt.plugins.IvyPlugin),Set(Atom(sbt.plugins.JvmPlugin)))
[debug] Clause(Atom(sbt.plugins.JvmPlugin),Set(Atom(sbt.plugins.SemanticdbPlugin)))
[debug] Clause(Atom(sbt.plugins.JvmPlugin),Set(Atom(sbt.plugins.JUnitXmlReportPlugin)))
[debug] Clause(Atom(sbt.plugins.CorePlugin),Set(Atom(sbt.plugins.Giter8TemplatePlugin)))
[debug] Clause(Atom(sbt.plugins.JvmPlugin),Set(Atom(sbt.plugins.MiniDependencyTreePlugin))))
[debug]   :: deduced result: Matched(sbt.plugins.CorePlugin,sbt.plugins.Giter8TemplatePlugin,sbt.plugins.IvyPlugin,sbt.plugins.JvmPlugin,sbt.plugins.MiniDependencyTreePlugin,sbt.plugins.JUnitXmlReportPlugin,sbt.plugins.SemanticdbPlugin)
[debug] Plugins.deducer#function took 1.2512 ms
[info] loading settings for project zio-quickstart-restful-webservice-build from idea1.sbt ...
[debug]               Load.resolveProject(zio-quickstart-restful-webservice-build) took 2.345ms
[debug]             Load.loadTransitive: finalizeProject(Project(id zio-quickstart-restful-webservice-build, base: C:\Users\stepa\IdeaProjects\zio-quickstart-restful-webservice\project, plugins: List(<none>))) took 4.0069ms
[debug] [Loading] Done in C:\Users\stepa\IdeaProjects\zio-quickstart-restful-webservice\project, returning: (zio-quickstart-restful-webservice-build)
[debug]           Load.loadUnit: loadedProjectsRaw took 1487.788ms
[debug]           Load.loadUnit: cleanEvalClasses took 4.11ms
[debug]         Load.loadUnit(file:/C:/Users/stepa/IdeaProjects/zio-quickstart-restful-webservice/project/, ...) took 1508.4662ms
[debug]       Load.apply: load took 1509.6872ms
[debug]       Load.apply: resolveProjects took 0.0694ms
[debug]       Load.apply: finalTransforms took 7.392ms
[debug]       Load.apply: config.delegates took 0.2848ms
[debug]       Load.apply: Def.make(settings)... took 51.7537ms
[debug]       Load.apply: structureIndex took 20.0156ms
[debug]       Load.apply: mkStreams took 0.0014ms
[info] loading project definition from C:\Users\stepa\IdeaProjects\zio-quickstart-restful-webservice\project
[debug] Running task... Cancel: Signal, check cycles: false, forcegc: true
[warn] Unrecognized repository Scala Plugin Bundled Repository, ignoring it
[warn] Unrecognized repository Scala Plugin Bundled Repository, ignoring it
[debug]     Load.loadUnit: plugins took 5126.7908ms
[debug]     Load.loadUnit: defsScala took 0.002ms
[debug] [Loading] Scanning directory C:\Users\stepa\IdeaProjects\zio-quickstart-restful-webservice
[debug]       Load.loadUnit: mkEval took 0.1893ms
[debug] [Loading] Found non-root projects 
[debug] [Loading] Done in C:\Users\stepa\IdeaProjects\zio-quickstart-restful-webservice, returning: ()
[debug] deducing auto plugins based on known facts Set(Atom(sbt.plugins.CorePlugin)) and clauses Clauses(Clause(Atom(sbt.plugins.JvmPlugin),Set(Atom(sbt.plugins.IvyPlugin)))
[debug] Clause(Atom(sbt.ScriptedPlugin),Set(Atom(sbt.plugins.JvmPlugin)))
[debug] Clause(Atom(sbt.plugins.SbtPlugin),Set(Atom(sbt.ScriptedPlugin)))
[debug] Clause(Atom(sbt.plugins.SemanticdbPlugin),Set(Atom(sbt.plugins.JvmPlugin)))
[debug] Clause(Atom(sbt.plugins.JUnitXmlReportPlugin),Set(Atom(sbt.plugins.JvmPlugin)))
[debug] Clause(Atom(sbt.plugins.MiniDependencyTreePlugin),Set(Atom(sbt.plugins.JvmPlugin)))
[debug] Clause(Atom(org.jetbrains.sbt.StructurePlugin),Set(Atom(sbt.plugins.JvmPlugin)))
[debug] Clause(Atom(org.jetbrains.sbt.IdeaShellPlugin),Set(Atom(sbt.plugins.JvmPlugin)))
[debug] Clause(Atom(org.jetbrains.sbt.indices.SbtIntellijIndicesPlugin),Set(Atom(sbt.plugins.JvmPlugin)))
[debug] Clause(Atom(sbt.plugins.CorePlugin),Set(Atom(sbt.plugins.IvyPlugin)))
[debug] Clause(Atom(sbt.plugins.IvyPlugin),Set(Atom(sbt.plugins.JvmPlugin)))
[debug] Clause(Atom(sbt.plugins.JvmPlugin),Set(Atom(sbt.plugins.SemanticdbPlugin)))
[debug] Clause(Atom(sbt.plugins.JvmPlugin),Set(Atom(sbt.plugins.JUnitXmlReportPlugin)))
[debug] Clause(Atom(sbt.plugins.CorePlugin),Set(Atom(sbt.plugins.Giter8TemplatePlugin)))
[debug] Clause(Atom(sbt.plugins.JvmPlugin),Set(Atom(sbt.plugins.MiniDependencyTreePlugin)))
[debug] Clause(Atom(sbt.plugins.JvmPlugin),Set(Atom(org.jetbrains.sbt.StructurePlugin)))
[debug] Clause(Atom(sbt.plugins.JvmPlugin),Set(Atom(org.jetbrains.sbt.IdeaShellPlugin)))
[debug] Clause(And(Set(Atom(sbt.plugins.CorePlugin), Atom(sbt.plugins.JvmPlugin))),Set(Atom(org.jetbrains.sbt.indices.SbtIntellijIndicesPlugin))))
[debug]   :: deduced result: Matched(sbt.plugins.CorePlugin,sbt.plugins.Giter8TemplatePlugin,sbt.plugins.IvyPlugin,sbt.plugins.JvmPlugin,sbt.plugins.SemanticdbPlugin,org.jetbrains.sbt.indices.SbtIntellijIndicesPlugin,sbt.plugins.JUnitXmlReportPlugin,org.jetbrains.sbt.IdeaShellPlugin,org.jetbrains.sbt.StructurePlugin,sbt.plugins.MiniDependencyTreePlugin)
[debug] Plugins.deducer#function took 1.4561 ms
[info] loading settings for project zio-quickstart-restful-webservice from build.sbt ...
[debug]         Load.resolveProject(zio-quickstart-restful-webservice) took 20.456ms
[debug]       Load.loadTransitive: finalizeProject(Project(id zio-quickstart-restful-webservice, base: C:\Users\stepa\IdeaProjects\zio-quickstart-restful-webservice, plugins: List(<none>))) took 22.6628ms
[debug] [Loading] Done in C:\Users\stepa\IdeaProjects\zio-quickstart-restful-webservice, returning: (zio-quickstart-restful-webservice)
[debug]     Load.loadUnit: loadedProjectsRaw took 772.1617ms
[debug]     Load.loadUnit: cleanEvalClasses took 12.3427ms
[debug]   Load.loadUnit(file:/C:/Users/stepa/IdeaProjects/zio-quickstart-restful-webservice/, ...) took 5911.9844ms
[debug] Load.apply: load took 5913.2437ms
[debug] Load.apply: resolveProjects took 0.0722ms
[debug] Load.apply: finalTransforms took 15.9112ms
[debug] Load.apply: config.delegates took 0.2239ms
[debug] Load.apply: Def.make(settings)... took 41.2491ms
[debug] Load.apply: structureIndex took 14.7673ms
[debug] Load.apply: mkStreams took 0.0017ms
[info] set current project to zio-quickstart-restful-webservice (in build file:/C:/Users/stepa/IdeaProjects/zio-quickstart-restful-webservice/)
[debug] > Exec(sbtPopOnFailure, None, None)
[debug] > Exec(resumeFromFailure, None, None)
[debug] > Exec(notifyUsersAboutShell, None, None)
[debug] > Exec(iflast shell, None, None)
[debug] > Exec(; set ideaPort in Global := 61848 ; idea-shell, None, None)
[debug] > Exec(set ideaPort in Global := 61848, None, None)
[info] Defining Global / ideaPort
[info] The new value will be used by Compile / compile, Test / compile
[debug] Defining 
[debug] 	Global / ideaPort
[debug] 
[debug] The new value will be used by 
[debug] 	Compile / compile
[debug] 	Test / compile
[info] Reapplying settings...
[info] set current project to zio-quickstart-restful-webservice (in build file:/C:/Users/stepa/IdeaProjects/zio-quickstart-restful-webservice/)
[debug] > Exec(idea-shell, None, None)
